This is pdfTeX, Version 3.141592653-2.6-1.40.25 (TeX Live 2023/Debian) (preloaded format=pdflatex 2024.12.22)  23 DEC 2024 01:43
entering extended mode
 restricted \write18 enabled.
 %&-line parsing enabled.
**\input ./Rd2.tex \input ./Rd2.tex \input ./Rd2.tex
(./Rd2.tex
(/usr/share/texlive/texmf-dist/tex/latex/base/book.cls
Document Class: book 2023/05/17 v1.4n Standard LaTeX document class
(/usr/share/texlive/texmf-dist/tex/latex/base/bk10.clo
File: bk10.clo 2023/05/17 v1.4n Standard LaTeX file (size option)
)
\c@part=\count187
\c@chapter=\count188
\c@section=\count189
\c@subsection=\count190
\c@subsubsection=\count191
\c@paragraph=\count192
\c@subparagraph=\count193
\c@figure=\count194
\c@table=\count195
\abovecaptionskip=\skip48
\belowcaptionskip=\skip49
\bibindent=\dimen140
)
(/usr/share/R/share/texmf/tex/latex/Rd.sty
Package: Rd 

(/usr/share/texlive/texmf-dist/tex/latex/base/ifthen.sty
Package: ifthen 2022/04/13 v1.1d Standard LaTeX ifthen package (DPC)
)
(/usr/share/texlive/texmf-dist/tex/latex/tools/longtable.sty
Package: longtable 2023-11-01 v4.19 Multi-page Table package (DPC)
\LTleft=\skip50
\LTright=\skip51
\LTpre=\skip52
\LTpost=\skip53
\LTchunksize=\count196
\LTcapwidth=\dimen141
\LT@head=\box51
\LT@firsthead=\box52
\LT@foot=\box53
\LT@lastfoot=\box54
\LT@gbox=\box55
\LT@cols=\count197
\LT@rows=\count198
\c@LT@tables=\count199
\c@LT@chunks=\count266
\LT@p@ftn=\toks17
)
(/usr/share/texlive/texmf-dist/tex/latex/tools/bm.sty
Package: bm 2023/07/08 v1.2f Bold Symbol Support (DPC/FMi)
\symboldoperators=\mathgroup4
\symboldletters=\mathgroup5
\symboldsymbols=\mathgroup6
Package bm Info: No bold for \OMX/cmex/m/n, using \pmb.
LaTeX Font Info:    Redeclaring math alphabet \mathbf on input line 149.
)
(/usr/share/texlive/texmf-dist/tex/latex/base/alltt.sty
Package: alltt 2021/01/29 v2.0g defines alltt environment
)
(/usr/share/texlive/texmf-dist/tex/latex/tools/verbatim.sty
Package: verbatim 2023-11-06 v1.5v LaTeX2e package for verbatim enhancements
\every@verbatim=\toks18
\verbatim@line=\toks19
\verbatim@in@stream=\read2
)
(/usr/share/texlive/texmf-dist/tex/latex/url/url.sty
\Urlmuskip=\muskip16
Package: url 2013/09/16  ver 3.4  Verb mode for urls, etc.
)
(/usr/share/texlive/texmf-dist/tex/latex/base/textcomp.sty
Package: textcomp 2020/02/02 v2.0n Standard LaTeX package
)
(/usr/share/texlive/texmf-dist/tex/latex/amsmath/amsmath.sty
Package: amsmath 2023/05/13 v2.17o AMS math features
\@mathmargin=\skip54

For additional information on amsmath, use the `?' option.
(/usr/share/texlive/texmf-dist/tex/latex/amsmath/amstext.sty
Package: amstext 2021/08/26 v2.01 AMS text

(/usr/share/texlive/texmf-dist/tex/latex/amsmath/amsgen.sty
File: amsgen.sty 1999/11/30 v2.0 generic functions
\@emptytoks=\toks20
\ex@=\dimen142
))
(/usr/share/texlive/texmf-dist/tex/latex/amsmath/amsbsy.sty
Package: amsbsy 1999/11/29 v1.2d Bold Symbols
LaTeX Info: Redefining \boldsymbol on input line 28.
\pmbraise@=\dimen143
)
(/usr/share/texlive/texmf-dist/tex/latex/amsmath/amsopn.sty
Package: amsopn 2022/04/08 v2.04 operator names
)
\inf@bad=\count267
LaTeX Info: Redefining \frac on input line 234.
\uproot@=\count268
\leftroot@=\count269
LaTeX Info: Redefining \overline on input line 399.
LaTeX Info: Redefining \colon on input line 410.
\classnum@=\count270
\DOTSCASE@=\count271
LaTeX Info: Redefining \ldots on input line 496.
LaTeX Info: Redefining \dots on input line 499.
LaTeX Info: Redefining \cdots on input line 620.
\Mathstrutbox@=\box56
\strutbox@=\box57
LaTeX Info: Redefining \big on input line 722.
LaTeX Info: Redefining \Big on input line 723.
LaTeX Info: Redefining \bigg on input line 724.
LaTeX Info: Redefining \Bigg on input line 725.
\big@size=\dimen144
LaTeX Font Info:    Redeclaring font encoding OML on input line 743.
LaTeX Font Info:    Redeclaring font encoding OMS on input line 744.
\macc@depth=\count272
LaTeX Info: Redefining \bmod on input line 905.
LaTeX Info: Redefining \pmod on input line 910.
LaTeX Info: Redefining \smash on input line 940.
LaTeX Info: Redefining \relbar on input line 970.
LaTeX Info: Redefining \Relbar on input line 971.
\c@MaxMatrixCols=\count273
\dotsspace@=\muskip17
\c@parentequation=\count274
\dspbrk@lvl=\count275
\tag@help=\toks21
\row@=\count276
\column@=\count277
\maxfields@=\count278
\andhelp@=\toks22
\eqnshift@=\dimen145
\alignsep@=\dimen146
\tagshift@=\dimen147
\tagwidth@=\dimen148
\totwidth@=\dimen149
\lineht@=\dimen150
\@envbody=\toks23
\multlinegap=\skip55
\multlinetaggap=\skip56
\mathdisplay@stack=\toks24
LaTeX Info: Redefining \[ on input line 2953.
LaTeX Info: Redefining \] on input line 2954.
)
(/usr/share/texlive/texmf-dist/tex/latex/amsfonts/amsfonts.sty
Package: amsfonts 2013/01/14 v3.01 Basic AMSFonts support
\symAMSa=\mathgroup7
\symAMSb=\mathgroup8
LaTeX Font Info:    Redeclaring math symbol \hbar on input line 98.
LaTeX Font Info:    Overwriting math alphabet `\mathfrak' in version `bold'
(Font)                  U/euf/m/n --> U/euf/b/n on input line 106.
)
(/usr/share/texlive/texmf-dist/tex/latex/amsfonts/amssymb.sty
Package: amssymb 2013/01/14 v3.01 AMS font symbols
)
(/usr/share/texlive/texmf-dist/tex/latex/jknapltx/mathrsfs.sty
Package: mathrsfs 1996/01/01 Math RSFS package v1.0 (jk)
\symrsfs=\mathgroup9
)
\ldescriptionwidth=\skip57

(/usr/share/texlive/texmf-dist/tex/generic/iftex/iftex.sty
Package: iftex 2022/02/03 v1.0f TeX engine tests
)
(/usr/share/texlive/texmf-dist/tex/latex/base/fontenc.sty
Package: fontenc 2021/04/29 v2.0v Standard LaTeX package
)
(/usr/share/texlive/texmf-dist/tex/latex/psnfss/times.sty
Package: times 2020/03/25 PSNFSS-v9.3 (SPQR) 
)
(/usr/share/texlive/texmf-dist/tex/latex/inconsolata/zi4.sty
Package: zi4 2019/05/17 v1.12

`inconsolata-zi4' v1.12, 2019/05/17 Text macros for Inconsolata (msharpe)
(/usr/share/texlive/texmf-dist/tex/latex/xkeyval/xkeyval.sty
Package: xkeyval 2022/06/16 v2.9 package option processing (HA)

(/usr/share/texlive/texmf-dist/tex/generic/xkeyval/xkeyval.tex
(/usr/share/texlive/texmf-dist/tex/generic/xkeyval/xkvutils.tex
\XKV@toks=\toks25
\XKV@tempa@toks=\toks26

(/usr/share/texlive/texmf-dist/tex/generic/xkeyval/keyval.tex))
\XKV@depth=\count279
File: xkeyval.tex 2014/12/03 v2.7a key=value parser (HA)
))
\zifour@ocount=\count280
)
(/usr/share/texlive/texmf-dist/tex/latex/graphics/color.sty
Package: color 2022/01/06 v1.3d Standard LaTeX Color (DPC)

(/usr/share/texlive/texmf-dist/tex/latex/graphics-cfg/color.cfg
File: color.cfg 2016/01/02 v1.6 sample color configuration
)
Package color Info: Driver file: pdftex.def on input line 149.

(/usr/share/texlive/texmf-dist/tex/latex/graphics-def/pdftex.def
File: pdftex.def 2022/09/22 v1.2b Graphics/color driver for pdftex
)
(/usr/share/texlive/texmf-dist/tex/latex/graphics/mathcolor.ltx))
(/usr/share/texlive/texmf-dist/tex/latex/hyperref/hyperref.sty
Package: hyperref 2024-01-20 v7.01h Hypertext links for LaTeX

(/usr/share/texlive/texmf-dist/tex/latex/kvsetkeys/kvsetkeys.sty
Package: kvsetkeys 2022-10-05 v1.19 Key value parser (HO)
)
(/usr/share/texlive/texmf-dist/tex/generic/kvdefinekeys/kvdefinekeys.sty
Package: kvdefinekeys 2019-12-19 v1.6 Define keys (HO)
)
(/usr/share/texlive/texmf-dist/tex/generic/pdfescape/pdfescape.sty
Package: pdfescape 2019/12/09 v1.15 Implements pdfTeX's escape features (HO)

(/usr/share/texlive/texmf-dist/tex/generic/ltxcmds/ltxcmds.sty
Package: ltxcmds 2023-12-04 v1.26 LaTeX kernel commands for general use (HO)
)
(/usr/share/texlive/texmf-dist/tex/generic/pdftexcmds/pdftexcmds.sty
Package: pdftexcmds 2020-06-27 v0.33 Utility functions of pdfTeX for LuaTeX (HO
)

(/usr/share/texlive/texmf-dist/tex/generic/infwarerr/infwarerr.sty
Package: infwarerr 2019/12/03 v1.5 Providing info/warning/error messages (HO)
)
Package pdftexcmds Info: \pdf@primitive is available.
Package pdftexcmds Info: \pdf@ifprimitive is available.
Package pdftexcmds Info: \pdfdraftmode found.
))
(/usr/share/texlive/texmf-dist/tex/latex/hycolor/hycolor.sty
Package: hycolor 2020-01-27 v1.10 Color options for hyperref/bookmark (HO)
)
(/usr/share/texlive/texmf-dist/tex/latex/auxhook/auxhook.sty
Package: auxhook 2019-12-17 v1.6 Hooks for auxiliary files (HO)
)
(/usr/share/texlive/texmf-dist/tex/latex/hyperref/nameref.sty
Package: nameref 2023-11-26 v2.56 Cross-referencing by name of section

(/usr/share/texlive/texmf-dist/tex/latex/refcount/refcount.sty
Package: refcount 2019/12/15 v3.6 Data extraction from label references (HO)
)
(/usr/share/texlive/texmf-dist/tex/generic/gettitlestring/gettitlestring.sty
Package: gettitlestring 2019/12/15 v1.6 Cleanup title references (HO)

(/usr/share/texlive/texmf-dist/tex/latex/kvoptions/kvoptions.sty
Package: kvoptions 2022-06-15 v3.15 Key value format for package options (HO)
))
\c@section@level=\count281
)
(/usr/share/texlive/texmf-dist/tex/latex/etoolbox/etoolbox.sty
Package: etoolbox 2020/10/05 v2.5k e-TeX tools for LaTeX (JAW)
\etb@tempcnta=\count282
)
\@linkdim=\dimen151
\Hy@linkcounter=\count283
\Hy@pagecounter=\count284

(/usr/share/texlive/texmf-dist/tex/latex/hyperref/pd1enc.def
File: pd1enc.def 2024-01-20 v7.01h Hyperref: PDFDocEncoding definition (HO)
Now handling font encoding PD1 ...
... no UTF-8 mapping file for font encoding PD1
)
(/usr/share/texlive/texmf-dist/tex/generic/intcalc/intcalc.sty
Package: intcalc 2019/12/15 v1.3 Expandable calculations with integers (HO)
)
\Hy@SavedSpaceFactor=\count285

(/usr/share/texlive/texmf-dist/tex/latex/hyperref/puenc.def
File: puenc.def 2024-01-20 v7.01h Hyperref: PDF Unicode definition (HO)
Now handling font encoding PU ...
... no UTF-8 mapping file for font encoding PU
)
Package hyperref Info: Hyper figures OFF on input line 4179.
Package hyperref Info: Link nesting OFF on input line 4184.
Package hyperref Info: Hyper index ON on input line 4187.
Package hyperref Info: Plain pages OFF on input line 4194.
Package hyperref Info: Backreferencing OFF on input line 4199.
Package hyperref Info: Implicit mode ON; LaTeX internals redefined.
Package hyperref Info: Bookmarks ON on input line 4446.
\c@Hy@tempcnt=\count286
LaTeX Info: Redefining \url on input line 4784.
\XeTeXLinkMargin=\dimen152

(/usr/share/texlive/texmf-dist/tex/generic/bitset/bitset.sty
Package: bitset 2019/12/09 v1.3 Handle bit-vector datatype (HO)

(/usr/share/texlive/texmf-dist/tex/generic/bigintcalc/bigintcalc.sty
Package: bigintcalc 2019/12/15 v1.5 Expandable calculations on big integers (HO
)
))
\Fld@menulength=\count287
\Field@Width=\dimen153
\Fld@charsize=\dimen154
Package hyperref Info: Hyper figures OFF on input line 6063.
Package hyperref Info: Link nesting OFF on input line 6068.
Package hyperref Info: Hyper index ON on input line 6071.
Package hyperref Info: backreferencing OFF on input line 6078.
Package hyperref Info: Link coloring OFF on input line 6083.
Package hyperref Info: Link coloring with OCG OFF on input line 6088.
Package hyperref Info: PDF/A mode OFF on input line 6093.

(/usr/share/texlive/texmf-dist/tex/latex/base/atbegshi-ltx.sty
Package: atbegshi-ltx 2021/01/10 v1.0c Emulation of the original atbegshi
package with kernel methods
)
\Hy@abspage=\count288
\c@Item=\count289
\c@Hfootnote=\count290
)
Package hyperref Info: Driver (autodetected): hpdftex.

(/usr/share/texlive/texmf-dist/tex/latex/hyperref/hpdftex.def
File: hpdftex.def 2024-01-20 v7.01h Hyperref driver for pdfTeX

(/usr/share/texlive/texmf-dist/tex/latex/base/atveryend-ltx.sty
Package: atveryend-ltx 2020/08/19 v1.0a Emulation of the original atveryend pac
kage
with kernel methods
)
\Fld@listcount=\count291
\c@bookmark@seq@number=\count292

(/usr/share/texlive/texmf-dist/tex/latex/rerunfilecheck/rerunfilecheck.sty
Package: rerunfilecheck 2022-07-10 v1.10 Rerun checks for auxiliary files (HO)

(/usr/share/texlive/texmf-dist/tex/generic/uniquecounter/uniquecounter.sty
Package: uniquecounter 2019/12/15 v1.4 Provide unlimited unique counter (HO)
)
Package uniquecounter Info: New unique counter `rerunfilecheck' on input line 2
85.
)
\Hy@SectionHShift=\skip58
)
Package hyperref Info: Option `colorlinks' set `true' on input line 390.
Package hyperref Info: Option `linktocpage' set `true' on input line 390.
Package hyperref Info: Option `plainpages' set `false' on input line 390.
)
(/usr/share/texlive/texmf-dist/tex/latex/base/makeidx.sty
Package: makeidx 2021/10/04 v1.0m Standard LaTeX package
)
(/usr/share/texlive/texmf-dist/tex/latex/base/inputenc.sty
Package: inputenc 2021/02/14 v1.3d Input encoding file
\inpenc@prehook=\toks27
\inpenc@posthook=\toks28
)
\@indexfile=\write3
\openout3 = `Rd2.idx'.


Writing index file Rd2.idx
LaTeX Font Info:    Trying to load font information for T1+ptm on input line 8.

(/usr/share/texlive/texmf-dist/tex/latex/psnfss/t1ptm.fd
File: t1ptm.fd 2001/06/04 font definitions for T1/ptm.
)
(/usr/share/texlive/texmf-dist/tex/latex/l3backend/l3backend-pdftex.def
File: l3backend-pdftex.def 2024-01-04 L3 backend support: PDF output (pdfTeX)
\l__color_backend_stack_int=\count293
\l__pdf_internal_box=\box58
)
(/tmp/RtmpaKSm5I/Rd2pdf29b613441c0f4/Rd2.aux)
\openout1 = `Rd2.aux'.

LaTeX Font Info:    Checking defaults for OML/cmm/m/it on input line 8.
LaTeX Font Info:    ... okay on input line 8.
LaTeX Font Info:    Checking defaults for OMS/cmsy/m/n on input line 8.
LaTeX Font Info:    ... okay on input line 8.
LaTeX Font Info:    Checking defaults for OT1/cmr/m/n on input line 8.
LaTeX Font Info:    ... okay on input line 8.
LaTeX Font Info:    Checking defaults for T1/cmr/m/n on input line 8.
LaTeX Font Info:    ... okay on input line 8.
LaTeX Font Info:    Checking defaults for TS1/cmr/m/n on input line 8.
LaTeX Font Info:    ... okay on input line 8.
LaTeX Font Info:    Checking defaults for OMX/cmex/m/n on input line 8.
LaTeX Font Info:    ... okay on input line 8.
LaTeX Font Info:    Checking defaults for U/cmr/m/n on input line 8.
LaTeX Font Info:    ... okay on input line 8.
LaTeX Font Info:    Checking defaults for PD1/pdf/m/n on input line 8.
LaTeX Font Info:    ... okay on input line 8.
LaTeX Font Info:    Checking defaults for PU/pdf/m/n on input line 8.
LaTeX Font Info:    ... okay on input line 8.

(/usr/share/texlive/texmf-dist/tex/context/base/mkii/supp-pdf.mkii
[Loading MPS to PDF converter (version 2006.09.02).]
\scratchcounter=\count294
\scratchdimen=\dimen155
\scratchbox=\box59
\nofMPsegments=\count295
\nofMParguments=\count296
\everyMPshowfont=\toks29
\MPscratchCnt=\count297
\MPscratchDim=\dimen156
\MPnumerator=\count298
\makeMPintoPDFobject=\count299
\everyMPtoPDFconversion=\toks30
)
Package hyperref Info: Link coloring ON on input line 8.
 (/tmp/RtmpaKSm5I/Rd2pdf29b613441c0f4/Rd2.out)
(/tmp/RtmpaKSm5I/Rd2pdf29b613441c0f4/Rd2.out)
\@outlinefile=\write4
\openout4 = `Rd2.out'.

Package textcomp Info: Symbol \textasciigrave not provided by
(textcomp)             font family ptm in TS1 encoding.
(textcomp)             Default family used instead on input line 20.
Package textcomp Info: Symbol \textasciigrave not provided by
(textcomp)             font family ptm in TS1 encoding.
(textcomp)             Default family used instead on input line 20.
LaTeX Font Info:    Trying to load font information for T1+zi4 on input line 27
.

(/usr/share/texlive/texmf-dist/tex/latex/inconsolata/t1zi4.fd
File: t1zi4.fd 2018/01/14 T1/zi4 (Inconsolata)
)
LaTeX Font Info:    Font shape `T1/zi4/m/n' will be
(Font)              scaled to size 10.0pt on input line 27.
LaTeX Font Info:    Trying to load font information for U+msa on input line 27.


(/usr/share/texlive/texmf-dist/tex/latex/amsfonts/umsa.fd
File: umsa.fd 2013/01/14 v3.01 AMS symbols A
)
LaTeX Font Info:    Trying to load font information for U+msb on input line 27.


(/usr/share/texlive/texmf-dist/tex/latex/amsfonts/umsb.fd
File: umsb.fd 2013/01/14 v3.01 AMS symbols B
)
LaTeX Font Info:    Trying to load font information for U+rsfs on input line 27
.

(/usr/share/texlive/texmf-dist/tex/latex/jknapltx/ursfs.fd
File: ursfs.fd 1998/03/24 rsfs font definition file (jk)
)
LaTeX Font Info:    Trying to load font information for T1+phv on input line 36
.

(/usr/share/texlive/texmf-dist/tex/latex/psnfss/t1phv.fd
File: t1phv.fd 2020/03/25 scalable font definitions for T1/phv.
)
(/tmp/RtmpaKSm5I/Rd2pdf29b613441c0f4/Rd2.toc [1


{/var/lib/texmf/fonts/map/pdftex/updmap/pdftex.map}{/usr/share/texlive/texmf-di
st/fonts/enc/dvips/base/8r.enc}{/usr/share/texmf/fonts/enc/dvips/cm-super/cm-su
per-ts1.enc}{/usr/share/texlive/texmf-dist/fonts/enc/dvips/inconsolata/i4-t1-0.
enc}] [2])
\tf@toc=\write5
\openout5 = `Rd2.toc'.


Overfull \hbox (43.10059pt too wide) in paragraph at lines 63--63
 []\T1/zi4/m/n/10 data.table(..., keep.rownames=FALSE, check.names=FALSE, key=N
ULL, stringsAsFactors=FALSE) 
 []

LaTeX Font Info:    Trying to load font information for TS1+zi4 on input line 6
5.
(/usr/share/texlive/texmf-dist/tex/latex/inconsolata/ts1zi4.fd
File: ts1zi4.fd 2018/01/14 TS1/zi4 (Inconsolata)
)
LaTeX Font Info:    Font shape `TS1/zi4/m/n' will be
(Font)              scaled to size 10.0pt on input line 65.
 [3{/usr/share/texlive/texmf-dist/fonts/enc/dvips/inconsolata/i4-ts1.enc}]
LaTeX Font Info:    Trying to load font information for TS1+ptm on input line 1
08.

(/usr/share/texlive/texmf-dist/tex/latex/psnfss/ts1ptm.fd
File: ts1ptm.fd 2001/06/04 font definitions for TS1/ptm.
)
Overfull \hbox (57.41945pt too wide) in paragraph at lines 114--115
[]\T1/ptm/m/n/10 This is sum-marised in code as []\T1/zi4/m/n/10 min(length(key
(x)), if (haskey(i)) length(key(i))
 []


Overfull \hbox (194.1307pt too wide) in paragraph at lines 124--125
[]\T1/ptm/m/n/10 See [][][]\T1/zi4/m/n/10 vignette("datatable-keys-fast-subset"
)[][] []\T1/ptm/m/n/10 and [][][]\T1/zi4/m/n/10 vignette("datatable-secondary-i
ndices-and-auto-indexing")[][][]\T1/ptm/m/n/10 . 
 []


Overfull \hbox (3.91003pt too wide) in paragraph at lines 129--130
[]\T1/zi4/m/n/10 x$a []\T1/ptm/m/n/10 and []\T1/zi4/m/n/10 sum(x$a) []\T1/ptm/m
/n/10 as a vec-tor re-spec-tively. []\T1/zi4/m/n/10 x[, .(a, b)] []\T1/ptm/m/n/
10 and []\T1/zi4/m/n/10 x[, .(sa=sum(a),
 []

[4]
Overfull \hbox (34.84958pt too wide) in paragraph at lines 151--152
[]\T1/ptm/m/n/10 a []\T1/zi4/m/n/10 list() []\T1/ptm/m/n/10 of ex-pres-sions of
 col-umn names: e.g., []\T1/zi4/m/n/10 DT[, .(sa=sum(a)), by=.(x=x>0,
 []


Overfull \hbox (20.64027pt too wide) in paragraph at lines 162--163
[]\T1/ptm/m/it/10 Advanced: \T1/ptm/m/n/10 When []\T1/zi4/m/n/10 i []\T1/ptm/m/
n/10 is a []\T1/zi4/m/n/10 list []\T1/ptm/m/n/10 (or []\T1/zi4/m/n/10 data.fram
e []\T1/ptm/m/n/10 or []\T1/zi4/m/n/10 data.table[]\T1/ptm/m/n/10 ), []\T1/zi4/
m/n/10 DT[i, j, by=.EACHI]
 []

[5]
Overfull \hbox (11.38815pt too wide) in paragraph at lines 181--182
[]\T1/zi4/m/n/10 -Inf []\T1/ptm/m/n/10 rolls back-wards in-stead; i.e., next ob
-ser-va-tion car-ried back-ward (NOCB). 
 []

[6]
Overfull \hbox (2.54861pt too wide) in paragraph at lines 207--208
[]\T1/ptm/m/n/10 Inversion (col-umn drop-ping in-stead of keep-ing) can be ac-c
om-plished be prepend-
 []


Overfull \hbox (33.29951pt too wide) in paragraph at lines 209--210
\T1/ptm/m/n/10 also in-vert a pat-tern as usual with []\T1/zi4/m/n/10 .SDcols=!
patterns(...) []\T1/ptm/m/n/10 or []\T1/zi4/m/n/10 .SDcols=!is.numeric[]\T1/ptm
/m/n/10 . 
 []

[7]
Overfull \hbox (64.98978pt too wide) in paragraph at lines 234--235
[]\T1/ptm/m/n/10 See ex-am-ples as well as [][][]\T1/zi4/m/n/10 vignette("datat
able-secondary-indices-and-auto-indexing")[][][]\T1/ptm/m/n/10 . 
 []


Underfull \hbox (badness 10000) in paragraph at lines 244--245

 []


Underfull \hbox (badness 10000) in paragraph at lines 254--255

 []


Overfull \hbox (56.30783pt too wide) in paragraph at lines 268--268
 []    \T1/zi4/m/n/10 X[, a]                      # return col \TS1/zi4/m/n/10 
'\T1/zi4/m/n/10 a\TS1/zi4/m/n/10 ' \T1/zi4/m/n/10 from X as vector. If not foun
d, search in parent frame.[] 
 []


Overfull \hbox (19.66843pt too wide) in paragraph at lines 270--270
 []    \T1/zi4/m/n/10 X[, sum(a)]                 # return sum(a) as a vector (
with same scoping rules as above)[] 
 []


Overfull \hbox (129.66843pt too wide) in paragraph at lines 272--272
 []    \T1/zi4/m/n/10 X[, sum(a), by=c]           # same as above, .() can be o
mitted in j and by on single expression for convenience[] 
 []


Overfull \hbox (93.0188pt too wide) in paragraph at lines 273--273
 []    \T1/zi4/m/n/10 X[, sum(a), by=c:f]         # get sum(a) grouped by all c
olumns in between \TS1/zi4/m/n/10 '\T1/zi4/m/n/10 c\TS1/zi4/m/n/10 ' \T1/zi4/m/
n/10 and \TS1/zi4/m/n/10 '\T1/zi4/m/n/10 f\TS1/zi4/m/n/10 ' \T1/zi4/m/n/10 (bot
h inclusive)[] 
 []


Overfull \hbox (98.0188pt too wide) in paragraph at lines 275--275
 []    \T1/zi4/m/n/10 X[, sum(a), keyby=b]        # get sum(a) grouped by \TS1/
zi4/m/n/10 '\T1/zi4/m/n/10 b\TS1/zi4/m/n/10 '\T1/zi4/m/n/10 , and sort that res
ult by the grouping column \TS1/zi4/m/n/10 '\T1/zi4/m/n/10 b\TS1/zi4/m/n/10 '[]
 
 []


Overfull \hbox (33.0597pt too wide) in paragraph at lines 277--277
 []    \T1/zi4/m/n/10 X[, sum(a), by=b][order(b)] # same order as above, but by
 chaining compound expressions[] 
 []


Overfull \hbox (86.34872pt too wide) in paragraph at lines 278--278
 []    \T1/zi4/m/n/10 X[c>1, sum(a), by=c]        # get rows where c>1 is TRUE,
 and on those rows, get sum(a) grouped by \TS1/zi4/m/n/10 '\T1/zi4/m/n/10 c\TS1
/zi4/m/n/10 '[] 
 []


Overfull \hbox (106.34872pt too wide) in paragraph at lines 279--279
 []    \T1/zi4/m/n/10 X[Y, .(a, b), on="c"]       # get rows where Y$c == X$c, 
and select columns \TS1/zi4/m/n/10 '\T1/zi4/m/n/10 X$a\TS1/zi4/m/n/10 ' \T1/zi4
/m/n/10 and \TS1/zi4/m/n/10 '\T1/zi4/m/n/10 X$b\TS1/zi4/m/n/10 ' \T1/zi4/m/n/10
 for those rows[] 
 []


Overfull \hbox (58.02902pt too wide) in paragraph at lines 280--280
 []    \T1/zi4/m/n/10 X[Y, .(a, i.a), on="c"]     # get rows where Y$c == X$c, 
and then select \TS1/zi4/m/n/10 '\T1/zi4/m/n/10 X$a\TS1/zi4/m/n/10 ' \T1/zi4/m/
n/10 and \TS1/zi4/m/n/10 '\T1/zi4/m/n/10 Y$a\TS1/zi4/m/n/10 ' \T1/zi4/m/n/10 (=
i.a)[] 
 []


Overfull \hbox (74.71954pt too wide) in paragraph at lines 281--281
 []    \T1/zi4/m/n/10 X[Y, sum(a*i.a), on="c", by=.EACHI] # for *each* \TS1/zi4
/m/n/10 '\T1/zi4/m/n/10 Y$c\TS1/zi4/m/n/10 '\T1/zi4/m/n/10 , get sum(a*i.a) on 
matching rows in \TS1/zi4/m/n/10 '\T1/zi4/m/n/10 X$c\TS1/zi4/m/n/10 '[] 
 []


Overfull \hbox (104.68887pt too wide) in paragraph at lines 283--283
 []    \T1/zi4/m/n/10 X[, plot(a, b), by=c]       # j accepts any expression, g
enerates plot for each group and returns no data[] 
 []

[8]
Overfull \hbox (53.0597pt too wide) in paragraph at lines 284--284
 []    \T1/zi4/m/n/10 # see ?assign to add/update/delete columns by reference u
sing the same consistent interface[] 
 []


Overfull \hbox (21.24829pt too wide) in paragraph at lines 304--306
\T1/ptm/m/n/10 umn called []\T1/zi4/m/n/10 keep []\T1/ptm/m/n/10 con-tain-ing [
]\T1/zi4/m/n/10 TRUE []\T1/ptm/m/n/10 and this is cor-rect be-haviour; []\T1/zi
4/m/n/10 data.table(DF, keep.rownames=TRUE)
 []


Overfull \hbox (8.80103pt too wide) in paragraph at lines 316--317
[][][]\T1/zi4/m/n/10 special-symbols[][][][]\T1/ptm/m/n/10 , [][][]\T1/zi4/m/n/
10 data.frame[][][][]\T1/ptm/m/n/10 , [][][]\T1/zi4/m/n/10 [.data.frame[][][][]
\T1/ptm/m/n/10 , [][][]\T1/zi4/m/n/10 as.data.table[][][][]\T1/ptm/m/n/10 , [][
][]\T1/zi4/m/n/10 setkey[][][][]\T1/ptm/m/n/10 , [][][]\T1/zi4/m/n/10 setorder[
][][][]\T1/ptm/m/n/10 , [][][]\T1/zi4/m/n/10 setDT[][][][]\T1/ptm/m/n/10 , [][]
[]\T1/zi4/m/n/10 setDF[][][][]\T1/ptm/m/n/10 ,
 []


Overfull \hbox (3.08105pt too wide) in paragraph at lines 316--317
[][][]\T1/zi4/m/n/10 J[][][][]\T1/ptm/m/n/10 , [][][]\T1/zi4/m/n/10 SJ[][][][]\
T1/ptm/m/n/10 , [][][]\T1/zi4/m/n/10 CJ[][][][]\T1/ptm/m/n/10 , [][][]\T1/zi4/m
/n/10 merge.data.table[][][][]\T1/ptm/m/n/10 , [][][]\T1/zi4/m/n/10 tables[][][
][]\T1/ptm/m/n/10 , [][][]\T1/zi4/m/n/10 test.data.table[][][][]\T1/ptm/m/n/10 
, [][][]\T1/zi4/m/n/10 IDateTime[][][][]\T1/ptm/m/n/10 , [][][]\T1/zi4/m/n/10 u
nique.data.table[][][][]\T1/ptm/m/n/10 , [][][]\T1/zi4/m/n/10 copy[][][][]\T1/p
tm/m/n/10 ,
 []


Overfull \hbox (14.401pt too wide) in paragraph at lines 316--317
[][][]\T1/zi4/m/n/10 :=[][][][]\T1/ptm/m/n/10 , [][][]\T1/zi4/m/n/10 setallocco
l[][][][]\T1/ptm/m/n/10 , [][][]\T1/zi4/m/n/10 truelength[][][][]\T1/ptm/m/n/10
 , [][][]\T1/zi4/m/n/10 rbindlist[][][][]\T1/ptm/m/n/10 , [][][]\T1/zi4/m/n/10 
setNumericRounding[][][][]\T1/ptm/m/n/10 , [][][]\T1/zi4/m/n/10 datatable-optim
ize[][][][]\T1/ptm/m/n/10 , [][][]\T1/zi4/m/n/10 fsetdiff[][][][]\T1/ptm/m/n/10
 ,
 []

LaTeX Font Info:    Font shape `T1/zi4/m/n' will be
(Font)              scaled to size 9.0pt on input line 320.
[9]
LaTeX Font Info:    Font shape `TS1/zi4/m/n' will be
(Font)              scaled to size 9.0pt on input line 342.

Overfull \hbox (3.6858pt too wide) in paragraph at lines 379--379
 []\T1/zi4/m/n/9 DT[x=="a"]                     # same, single "==" internally 
optimised to use binary search (fast)[] 
 []


Underfull \vbox (badness 10000) has occurred while \output is active []

 [10]
Underfull \vbox (badness 10000) has occurred while \output is active []

 [11]
Overfull \hbox (23.26248pt too wide) in paragraph at lines 483--483
 []\T1/zi4/m/n/9 DT = data.table(x=rep(c("b","a","c"),each=3), v=c(1,1,1,2,2,1,
1,2,2), y=c(1,3,6), a=1:9, b=9:1)[] 
 []


Underfull \vbox (badness 10000) has occurred while \output is active []

 [12]
[13]
Package textcomp Info: Symbol \textasciigrave not provided by
(textcomp)             font family zi4 in TS1 encoding.
(textcomp)             Default family used instead on input line 588.
LaTeX Font Info:    Trying to load font information for T1+cmtt on input line 5
88.
 (/usr/share/texlive/texmf-dist/tex/latex/base/t1cmtt.fd
File: t1cmtt.fd 2023/04/13 v2.5m Standard LaTeX font definitions
)
LaTeX Font Info:    Trying to load font information for TS1+cmtt on input line 
588.

(/usr/share/texlive/texmf-dist/tex/latex/base/ts1cmtt.fd
File: ts1cmtt.fd 2023/04/13 v2.5m Standard LaTeX font definitions
)
Package textcomp Info: Symbol \textasciigrave not provided by
(textcomp)             font family zi4 in TS1 encoding.
(textcomp)             Default family used instead on input line 588.
Package textcomp Info: Symbol \textasciigrave not provided by
(textcomp)             font family zi4 in TS1 encoding.
(textcomp)             Default family used instead on input line 598.
Package textcomp Info: Symbol \textasciigrave not provided by
(textcomp)             font family zi4 in TS1 encoding.
(textcomp)             Default family used instead on input line 598.
 [14]
Package textcomp Info: Symbol \textasciigrave not provided by
(textcomp)             font family zi4 in TS1 encoding.
(textcomp)             Default family used instead on input line 599.
Package textcomp Info: Symbol \textasciigrave not provided by
(textcomp)             font family zi4 in TS1 encoding.
(textcomp)             Default family used instead on input line 599.

Overfull \hbox (306.25671pt too wide) in paragraph at lines 632--632
 []    \T1/zi4/m/n/10 DT[, col := val]                              # update (o
r add at the end if doesn\TS1/zi4/m/n/10 '\T1/zi4/m/n/10 t exist) a column call
ed "col" with value "val" (recycled if necessary).[] 
 []


Overfull \hbox (221.26694pt too wide) in paragraph at lines 633--633
 []    \T1/zi4/m/n/10 DT[i, col := val]                             # same as a
bove, but only for those rows specified in i and (for new columns) NA elsewhere
.[] 
 []


Overfull \hbox (419.58664pt too wide) in paragraph at lines 635--635
 []    \T1/zi4/m/n/10 DT[i, (3:6) := val]                           # update ex
isting columns 3:6 with value. Aside: parens are not required here since : alre
ady makes LHS a call rather than a symbol.[] 
 []


Overfull \hbox (218.00858pt too wide) in paragraph at lines 636--636
 []    \T1/zi4/m/n/10 DT[i, colvector := val, with = FALSE]         # OLD synta
x. The contents of "colvector" in calling scope determine the column(s).[] 
 []

[15]
Overfull \hbox (356.28738pt too wide) in paragraph at lines 637--637
 []    \T1/zi4/m/n/10 DT[i, (colvector) := val]                     # same (NOW
 PREFERRED) shorthand syntax. The parens are enough to stop the LHS being a sym
bol; same as c(colvector).[] 
 []

Package textcomp Info: Symbol \textasciigrave not provided by
(textcomp)             font family zi4 in TS1 encoding.
(textcomp)             Default family used instead on input line 638.
Package textcomp Info: Symbol \textasciigrave not provided by
(textcomp)             font family zi4 in TS1 encoding.
(textcomp)             Default family used instead on input line 638.

Overfull \hbox (226.82571pt too wide) in paragraph at lines 638--638
 []    \T1/zi4/m/n/10 DT[i, colC := mean(colB), by = colA]          # update (o
r add) column called "colC" by reference by group. A major feature of \TS1/cmtt
/m/n/10 `\T1/zi4/m/n/10 :=\TS1/cmtt/m/n/10 `\T1/zi4/m/n/10 .[] 
 []

Package textcomp Info: Symbol \textasciigrave not provided by
(textcomp)             font family zi4 in TS1 encoding.
(textcomp)             Default family used instead on input line 639.
Package textcomp Info: Symbol \textasciigrave not provided by
(textcomp)             font family zi4 in TS1 encoding.
(textcomp)             Default family used instead on input line 639.
Package textcomp Info: Symbol \textasciigrave not provided by
(textcomp)             font family zi4 in TS1 encoding.
(textcomp)             Default family used instead on input line 654.
Package textcomp Info: Symbol \textasciigrave not provided by
(textcomp)             font family zi4 in TS1 encoding.
(textcomp)             Default family used instead on input line 654.

Overfull \hbox (73.49579pt too wide) in paragraph at lines 654--654
 []    \T1/zi4/m/n/10 DT[, {col1 := 1L; col2 := 2L}]                # Use the f
unctional form, \TS1/cmtt/m/n/10 `\T1/zi4/m/n/10 :=\TS1/cmtt/m/n/10 `\T1/zi4/m/
n/10 (), instead (see above).[] 
 []


Overfull \hbox (21.07907pt too wide) in paragraph at lines 660--661
\T1/ptm/m/n/10 rea-son why []\T1/zi4/m/n/10 := []\T1/ptm/m/n/10 has been im-ple
-mented in []\T1/zi4/m/n/10 j[]\T1/ptm/m/n/10 . Please see [][][]\T1/zi4/m/n/10
 vignette("datatable-reference-semantics")[][]
 []

[16]
Package textcomp Info: Symbol \textasciigrave not provided by
(textcomp)             font family zi4 in TS1 encoding.
(textcomp)             Default family used instead on input line 702.
Package textcomp Info: Symbol \textasciigrave not provided by
(textcomp)             font family zi4 in TS1 encoding.
(textcomp)             Default family used instead on input line 702.
 [17]
Package textcomp Info: Symbol \textasciigrave not provided by
(textcomp)             font family zi4 in TS1 encoding.
(textcomp)             Default family used instead on input line 725.
Package textcomp Info: Symbol \textasciigrave not provided by
(textcomp)             font family zi4 in TS1 encoding.
(textcomp)             Default family used instead on input line 725.
Package textcomp Info: Symbol \textasciigrave not provided by
(textcomp)             font family zi4 in TS1 encoding.
(textcomp)             Default family used instead on input line 736.
Package textcomp Info: Symbol \textasciigrave not provided by
(textcomp)             font family zi4 in TS1 encoding.
(textcomp)             Default family used instead on input line 736.

Overfull \hbox (9.73488pt too wide) in paragraph at lines 765--765
 []\T1/zi4/m/n/9 # However, normally, we call [.data.table *once* on *large* da
ta, not many times on small data.[] 
 []


Underfull \vbox (badness 10000) has occurred while \output is active []

 [18]
Overfull \hbox (71.21884pt too wide) in paragraph at lines 802--803
[][][]$\T1/zi4/m/n/10 https : / / stackoverflow . com / a / 10913296 / 403310$[
][] \T1/ptm/m/n/10 (but im-ple-mented in C with-out us-ing []\T1/zi4/m/n/10 .In
ternal(inspect())[]\T1/ptm/m/n/10 ) 
 []

[19]
Overfull \hbox (34.76044pt too wide) in paragraph at lines 827--827
 []    \T1/zi4/m/n/10 ignore.col.order=FALSE, ignore.row.order=FALSE, tolerance
=sqrt(.Machine$double.eps),[] 
 []


Overfull \hbox (11.40001pt too wide) in paragraph at lines 835--837
[]\T1/zi4/m/n/10 data.table[]\T1/ptm/m/n/10 s to com-pare. If []\T1/zi4/m/n/10 
current []\T1/ptm/m/n/10 is not a []\T1/zi4/m/n/10 data.table[]\T1/ptm/m/n/10 ,
 but []\T1/zi4/m/n/10 check.attributes
 []


Overfull \hbox (4.11882pt too wide) in paragraph at lines 840--842
\T1/ptm/m/n/10 are fac-tors be-fore run-ning equal-ity check. It ef-fect only w
hen []\T1/zi4/m/n/10 check.attributes
 []


Overfull \hbox (71.63823pt too wide) in paragraph at lines 845--846
\T1/ptm/m/n/10 data.table but also at-tributes of the columns. It will skip []\
T1/zi4/m/n/10 c("row.names",".internal.selfref")
 []


Overfull \hbox (79.65813pt too wide) in paragraph at lines 857--858
[]\T1/ptm/m/n/10 A nu-meric value used when com-par-ing nu-meric columns, by de
-fault []\T1/zi4/m/n/10 sqrt(.Machine$double.eps)[]\T1/ptm/m/n/10 .
 []

[20] [21]
Overfull \hbox (15.57816pt too wide) in paragraph at lines 976--977
[]\T1/zi4/m/n/10 keep.rownames []\T1/ptm/m/n/10 ar-gu-ment can be used to pre-s
erve the (row)names at-tribute in the re-sult-ing []\T1/zi4/m/n/10 data.table[]
\T1/ptm/m/n/10 . 
 []


Overfull \hbox (26.40112pt too wide) in paragraph at lines 980--981
[][][]\T1/zi4/m/n/10 data.table[][][][]\T1/ptm/m/n/10 , [][][]\T1/zi4/m/n/10 se
tDT[][][][]\T1/ptm/m/n/10 , [][][]\T1/zi4/m/n/10 setDF[][][][]\T1/ptm/m/n/10 , 
[][][]\T1/zi4/m/n/10 copy[][][][]\T1/ptm/m/n/10 , [][][]\T1/zi4/m/n/10 setkey[]
[][][]\T1/ptm/m/n/10 , [][][]\T1/zi4/m/n/10 J[][][][]\T1/ptm/m/n/10 , [][][]\T1
/zi4/m/n/10 SJ[][][][]\T1/ptm/m/n/10 , [][][]\T1/zi4/m/n/10 CJ[][][][]\T1/ptm/m
/n/10 , [][][]\T1/zi4/m/n/10 merge.data.table[][][][]\T1/ptm/m/n/10 , [][][]\T1
/zi4/m/n/10 :=[][][][]\T1/ptm/m/n/10 , [][][]\T1/zi4/m/n/10 setalloccol[][][][]
\T1/ptm/m/n/10 , [][][]\T1/zi4/m/n/10 truelength[][][][]\T1/ptm/m/n/10 ,
 []

[22] [23] [24]
Overfull \hbox (0.76248pt too wide) in paragraph at lines 1160--1160
 []  \T1/zi4/m/n/9 sample.dt <- data.table(date = as.Date((Sys.Date()-999):Sys.
Date(),origin="1970-01-01"),[] 
 []

[25]
Package textcomp Info: Symbol \textasciigrave not provided by
(textcomp)             font family zi4 in TS1 encoding.
(textcomp)             Default family used instead on input line 1202.
Package textcomp Info: Symbol \textasciigrave not provided by
(textcomp)             font family zi4 in TS1 encoding.
(textcomp)             Default family used instead on input line 1202.

Overfull \hbox (5.00627pt too wide) in paragraph at lines 1201--1204
[]\T1/ptm/m/n/10 Any or-der-able vec-tor, i.e., those with rel-e-vant meth-ods 
for []\TS1/cmtt/m/n/10 `\T1/zi4/m/n/10 <=\TS1/cmtt/m/n/10 `[]\T1/ptm/m/n/10 , s
uch as []\T1/zi4/m/n/10 numeric[]\T1/ptm/m/n/10 ,
 []


Overfull \hbox (3.46771pt too wide) in paragraph at lines 1208--1211
[]\T1/zi4/m/n/10 TRUE []\T1/ptm/m/n/10 means in-clu-sive bounds, i.e., [lower,u
pper]. []\T1/zi4/m/n/10 FALSE []\T1/ptm/m/n/10 means ex-clu-sive bounds,
 []

[26] [27]
Overfull \hbox (89.73999pt too wide) in paragraph at lines 1278--1278
 []  \T1/zi4/m/n/10 Rcpp::cppFunction("SEXP mysub2(SEXP x, SEXP rows, SEXP cols
) { return DT_subsetDT(x,rows,cols); }",[] 
 []

[28]
Overfull \hbox (7.58745pt too wide) in paragraph at lines 1330--1331
[]\T1/ptm/m/n/10 It may be pos-si-ble to speed up fast-match's hash ta-ble buil
d time by us-ing the tech-nique in []\T1/zi4/m/n/10 data.table[]\T1/ptm/m/n/10 
,
 []

[29]
Overfull \hbox (9.87895pt too wide) in paragraph at lines 1402--1403
[]\T1/ptm/m/n/10 A []\T1/zi4/m/n/10 copy() []\T1/ptm/m/n/10 may be re-quired wh
en do-ing []\T1/zi4/m/n/10 dt_names = names(DT)[]\T1/ptm/m/n/10 . Due to R's \T
1/ptm/m/it/10 copy-on-modify\T1/ptm/m/n/10 , []\T1/zi4/m/n/10 dt_names
 []

[30] [31]
Overfull \hbox (12.18959pt too wide) in paragraph at lines 1508--1511
[]\T1/ptm/m/n/10 The ex-pres-sion []\T1/zi4/m/n/10 DT[, lapply(.SD, fun), by=.]
 []\T1/ptm/m/n/10 gets op-ti-mised to []\T1/zi4/m/n/10 DT[, list(fun(a), fun(b)
,
 []

[32] [33]
Underfull \vbox (badness 10000) has occurred while \output is active []

 [34]
[35]
Overfull \hbox (58.2086pt too wide) in paragraph at lines 1702--1703
[]\T1/ptm/m/n/10 logical; []\T1/zi4/m/n/10 value.var.in.dots = TRUE []\T1/ptm/m
/n/10 is short-hand to save set-ting both []\T1/zi4/m/n/10 value.var.in.LHSdots

 []


Overfull \hbox (10.00912pt too wide) in paragraph at lines 1709--1710
\T1/ptm/m/n/10 vari-ables not oth-er-wise men-tioned in []\T1/zi4/m/n/10 formul
a[]\T1/ptm/m/n/10 , and []\T1/zi4/m/n/10 value.var []\T1/ptm/m/n/10 de-pend-ing
 on []\T1/zi4/m/n/10 value.var.in.LHSdots
 []

[36]
Overfull \hbox (7.89836pt too wide) in paragraph at lines 1725--1726
[]\T1/zi4/m/n/10 value.var []\T1/ptm/m/n/10 is a char-ac-ter vec-tor or a list 
of length one, each func-tion men-tioned un-der []\T1/zi4/m/n/10 fun.aggregate
 []


Overfull \hbox (7.31819pt too wide) in paragraph at lines 1727--1728
[]\T1/ptm/m/n/10 Historical note: []\T1/zi4/m/n/10 dcast.data.table []\T1/ptm/m
/n/10 was orig-i-nally de-signed as an en-hance-ment to []\T1/zi4/m/n/10 reshap
e2::dcast
 []

[37]
Overfull \hbox (15.71954pt too wide) in paragraph at lines 1761--1761
 []\T1/zi4/m/n/9 dcast(DT, v1+v2~v3, value.var=\TS1/zi4/m/n/9 '\T1/zi4/m/n/9 v4
\TS1/zi4/m/n/9 '\T1/zi4/m/n/9 , drop=FALSE)          # all missing combinations
 of LHS and RHS[] 
 []


Overfull \hbox (15.74715pt too wide) in paragraph at lines 1762--1762
 []\T1/zi4/m/n/9 dcast(DT, v1+v2~v3, value.var=\TS1/zi4/m/n/9 '\T1/zi4/m/n/9 v4
\TS1/zi4/m/n/9 '\T1/zi4/m/n/9 , drop=c(FALSE, TRUE)) # all missing combinations
 of LHS only[] 
 []


Overfull \hbox (15.74715pt too wide) in paragraph at lines 1763--1763
 []\T1/zi4/m/n/9 dcast(DT, v1+v2~v3, value.var=\TS1/zi4/m/n/9 '\T1/zi4/m/n/9 v4
\TS1/zi4/m/n/9 '\T1/zi4/m/n/9 , drop=c(TRUE, FALSE)) # all missing combinations
 of RHS only[] 
 []


Overfull \hbox (26.25021pt too wide) in paragraph at lines 1771--1771
 []\T1/zi4/m/n/9 dcast(DT, ... ~ v3, value.var="v4", value.var.in.dots=TRUE) # 
same as v1+v2+v4~v3, value.var="v4"[] 
 []

[38] [39]
Overfull \hbox (23.92102pt too wide) in paragraph at lines 1892--1896
[][][]\T1/zi4/m/n/10 setNumericRounding[][][][]\T1/ptm/m/n/10 , [][][]\T1/zi4/m
/n/10 data.table[][][][]\T1/ptm/m/n/10 , [][][]\T1/zi4/m/n/10 duplicated[][][][
]\T1/ptm/m/n/10 , [][][]\T1/zi4/m/n/10 unique[][][][]\T1/ptm/m/n/10 , [][][]\T1
/zi4/m/n/10 all.equal[][][][]\T1/ptm/m/n/10 , [][][]\T1/zi4/m/n/10 fsetdiff[][]
[][]\T1/ptm/m/n/10 , [][][]\T1/zi4/m/n/10 funion[][][][]\T1/ptm/m/n/10 , [][][]
\T1/zi4/m/n/10 fintersect[][][][]\T1/ptm/m/n/10 ,
 []


Overfull \hbox (8.25941pt too wide) in paragraph at lines 1928--1928
 []\T1/zi4/m/n/9 unique(DT, by="B", fromLast=FALSE) # equivalent: DT[!duplicate
d(DT, by="B", fromLast=FALSE)][] 
 []

[40] [41] [42] [43] [44] [45]
Overfull \hbox (11.16714pt too wide) in paragraph at lines 2209--2212
[]\T1/ptm/m/n/10 Usually, []\T1/zi4/m/n/10 x []\T1/ptm/m/n/10 is a very large d
ata.table with small in-ter-val ranges, and []\T1/zi4/m/n/10 y []\T1/ptm/m/n/10
 is much smaller \T1/ptm/m/it/10 keyed []\T1/zi4/m/n/10 data.table
 []

[46]
Overfull \hbox (1.54832pt too wide) in paragraph at lines 2252--2262
[]\T1/ptm/m/n/10 The types shown here are iden-ti-cal in func-tion-al-ity to th
e func-tion []\T1/zi4/m/n/10 findOverlaps
 []

[47]
Overfull \hbox (1.8009pt too wide) in paragraph at lines 2330--2333
[][][]\T1/zi4/m/n/10 data.table[][][][]\T1/ptm/m/n/10 , [][]$\T1/zi4/m/n/10 htt
ps : / / www . bioconductor . org / packages / release / bioc / html / IRanges 
. html$[][]\T1/ptm/m/n/10 ,
 []

[48] [49] [50]
Overfull \hbox (4.75021pt too wide) in paragraph at lines 2469--2469
 []\T1/zi4/m/n/10 na.strings=getOption("datatable.na.strings","NA"),  # due to 
change to ""; see NEWS[] 
 []


Overfull \hbox (13.08014pt too wide) in paragraph at lines 2480--2480
 []\T1/zi4/m/n/10 logical01=getOption("datatable.logical01", FALSE),  # due to 
change to TRUE; see NEWS[] 
 []

[51]
Overfull \hbox (78.13817pt too wide) in paragraph at lines 2493--2494
[]\T1/ptm/m/n/10 A shell com-mand that pre-processes the file; e.g. []\T1/zi4/m
/n/10 fread(cmd=paste("grep",word,"filename"))[]\T1/ptm/m/n/10 .
 []

[52] [53]
Overfull \hbox (20.37852pt too wide) in paragraph at lines 2518--2519
\T1/ptm/m/n/10 is passed to [][][]\T1/zi4/m/n/10 setindexv[][][][]\T1/ptm/m/n/1
0 . As with []\T1/zi4/m/n/10 key[]\T1/ptm/m/n/10 , comma-separated no-ta-tion l
ike []\T1/zi4/m/n/10 index="x,y,z"
 []


Overfull \hbox (6.06009pt too wide) in paragraph at lines 2520--2521
\T1/ptm/m/n/10 ar-gu-ment can be changed with []\T1/zi4/m/n/10 options(datatabl
e.fread.datatable=FALSE)[]\T1/ptm/m/n/10 . 
 []


Overfull \hbox (0.26845pt too wide) in paragraph at lines 2528--2529
\T1/ptm/m/n/10 char-ac-ter date-times in lo-cal time-zone; e.g. by us-ing []\T1
/zi4/m/n/10 "POSIXct" []\T1/ptm/m/n/10 in []\T1/zi4/m/n/10 colClasses=[]\T1/ptm
/m/n/10 .
 []

[54] [55]
Overfull \hbox (31.92902pt too wide) in paragraph at lines 2560--2561
\T1/ptm/m/n/10 up to that point in that field must be bal-anced; e.g. []\T1/zi4
/m/n/10 ...,2,"www.blah?x="one",y="two"",3.14,...[]\T1/ptm/m/n/10 . 
 []


Overfull \hbox (88.78088pt too wide) in paragraph at lines 2599--2610
[][]$\T1/zi4/m/n/10 https : / / stackoverflow . com / questions / 1727772 / qui
ckly-[]reading-[]very-[]large-[]tables-[]as-[]dataframes-[]in-[]r$[][] 
 []


Overfull \hbox (64.78088pt too wide) in paragraph at lines 2599--2610
[][]$\T1/zi4/m/n/10 https : / / stackoverflow . com / questions / 415515 / how-
[]can-[]i-[]read-[]and-[]manipulate-[]csv-[]file-[]data-[]in-[]c$[][] 
 []


Overfull \hbox (53.28088pt too wide) in paragraph at lines 2599--2610
[][]$\T1/zi4/m/n/10 https : / / stackoverflow . com / questions / 9352887 / str
ategies-[]for-[]reading-[]in-[]csv-[]files-[]in-[]pieces$[][] 
 []


Overfull \hbox (13.28088pt too wide) in paragraph at lines 2599--2610
[][]$\T1/zi4/m/n/10 https : / / stackoverflow . com / questions / 258091 / when
-[]should-[]i-[]use-[]mmap-[]for-[]file-[]access$[][] 
 []


Overfull \hbox (47.78088pt too wide) in paragraph at lines 2599--2610
[][]$\T1/zi4/m/n/10 https : / / stackoverflow . com / questions / 9608950 / rea
ding-[]huge-[]files-[]using-[]memory-[]mapped-[]files$[][] 
 []

[56] [57]
Overfull \hbox (24.75635pt too wide) in paragraph at lines 2648--2648
 []\T1/zi4/m/n/9 # TODO: add numerals=c("allow.loss", "warn.loss", "no.loss") f
rom base::read.table, +"use.Rmpfr"[] 
 []


Underfull \vbox (badness 10000) has occurred while \output is active []

 [58]
Overfull \hbox (27.78088pt too wide) in paragraph at lines 2752--2752
 []\T1/zi4/m/n/9 fread("https://github.com/Rdatatable/data.table/raw/1.14.0/ins
t/tests/issue_785_fread.txt.gz")[] 
 []


Underfull \vbox (badness 10000) has occurred while \output is active []

 [59]
[60]
Overfull \hbox (26.39984pt too wide) in paragraph at lines 2823--2823
 []  \T1/zi4/m/n/10 logical01 = getOption("datatable.logical01", FALSE),  # due
 to change to TRUE; see NEWS[] 
 []

[61]
Overfull \hbox (7.74875pt too wide) in paragraph at lines 2848--2849
[]\T1/ptm/m/n/10 Should row names be writ-ten? For com-pat-i-bil-ity with []\T1
/zi4/m/n/10 data.frame []\T1/ptm/m/n/10 and []\T1/zi4/m/n/10 write.csv
 []


Overfull \hbox (1.69868pt too wide) in paragraph at lines 2848--2849
[]\T1/ptm/m/n/10 since []\T1/zi4/m/n/10 data.table []\T1/ptm/m/n/10 never has r
ow names. Hence de-fault []\T1/zi4/m/n/10 FALSE []\T1/ptm/m/n/10 un-like []\T1/
zi4/m/n/10 write.csv[]\T1/ptm/m/n/10 . 
 []


Overfull \hbox (18.6402pt too wide) in paragraph at lines 2864--2865
[]\T1/ptm/m/n/10 "ISO" (de-fault) - []\T1/zi4/m/n/10 2016-09-12[]\T1/ptm/m/n/10
 , []\T1/zi4/m/n/10 18:12:16 []\T1/ptm/m/n/10 and []\T1/zi4/m/n/10 2016-09-12T1
8:12:16.999999Z[]\T1/ptm/m/n/10 .
 []

[62]
Underfull \hbox (badness 10000) in paragraph at lines 2871--2874

 []


Underfull \hbox (badness 10000) in paragraph at lines 2871--2874

 []

[63]
Overfull \hbox (1.54796pt too wide) in paragraph at lines 2889--2890
[]\T1/ptm/m/n/10 To save space, []\T1/zi4/m/n/10 fwrite []\T1/ptm/m/n/10 prefer
s to write wide nu-meric val-ues in sci-en-tific no-ta-tion -- e.g. []\T1/zi4/m
/n/10 10000000000
 []

[64] [65] [66]
Overfull \hbox (81.78088pt too wide) in paragraph at lines 3032--3034
[][][]$\T1/zi4/m/n/10 https : / / www . postgresql . org / docs / 9 . 5 / stati
c / queries-[]table-[]expressions . html # QUERIES-[]GROUPING-[]SETS$[][]
 []


Overfull \hbox (66.28088pt too wide) in paragraph at lines 3032--3034
[][]$\T1/zi4/m/n/10 https : / / www . postgresql . org / docs / 9 . 5 / static 
/ functions-[]aggregate . html # FUNCTIONS-[]GROUPING-[]TABLE$[][] 
 []

[67]
Overfull \hbox (0.75328pt too wide) in paragraph at lines 3073--3073
 []\T1/zi4/m/n/9 cube(DT, j = c(list(count=.N), lapply(.SD, sum)), by = c("colo
r","year","status"), id=TRUE)[] 
 []

[68] [69]
Overfull \hbox (0.11824pt too wide) in paragraph at lines 3261--3268
\T1/ptm/m/n/10 month, and other date-time in-ter-vals. []\T1/zi4/m/n/10 as.POSI
Xlt []\T1/ptm/m/n/10 is also use-ful. For ex-am-ple, []\T1/zi4/m/n/10 as.POSIXl
t(x)$mon
 []

[70] [71] [72] [73]
Overfull \hbox (0.27834pt too wide) in paragraph at lines 3500--3502
[]\T1/ptm/m/n/10 Not ap-pli-ca-ble for []\T1/zi4/m/n/10 data.table []\T1/ptm/m/
n/10 first/last. Any ar-gu-ments here are passed through
 []

[74] [75]
Overfull \hbox (0.50786pt too wide) in paragraph at lines 3593--3605
\T1/ptm/m/n/10 con-ver-sion spec-i-fied as an ar-gu-ment) whereas []\T1/zi4/m/n
/10 measurev []\T1/ptm/m/n/10 al-lows spec-i-fy-ing group names/conversions
 []


Overfull \hbox (54.33804pt too wide) in paragraph at lines 3593--3605
\T1/ptm/m/n/10 us-ing data val-ues (each group and con-ver-sion spec-i-fied as 
a list el-e-ment). See [][][]\T1/zi4/m/n/10 vignette("datatable-reshape")[][]
 []

[76]
Overfull \hbox (14.50853pt too wide) in paragraph at lines 3693--3697
[]\T1/zi4/m/n/10 melt []\T1/ptm/m/n/10 is []\T1/zi4/m/n/10 data.table[]\T1/ptm/
m/n/10 's wide-to-long re-shap-ing tool. We pro-vide an S3 method for melt-ing 
[]\T1/zi4/m/n/10 data.table[]\T1/ptm/m/n/10 s.
 []

[77]
Overfull \hbox (1.92825pt too wide) in paragraph at lines 3724--3725
[]\T1/ptm/m/n/10 Pattern-based col-umn match-ing can be achieved with the reg-u
-lar expression-
 []


Overfull \hbox (5.1285pt too wide) in paragraph at lines 3730--3731
[]\T1/ptm/m/n/10 name (de-fault []\TS1/zi4/m/n/10 '\T1/zi4/m/n/10 variable\TS1/
zi4/m/n/10 '[]\T1/ptm/m/n/10 ) of out-put col-umn con-tain-ing in-for-ma-tion a
bout which
 []

[78] [79]
Underfull \vbox (badness 10000) has occurred while \output is active []

 [80]
Overfull \hbox (18.77168pt too wide) in paragraph at lines 3859--3859
 []\T1/zi4/m/n/9 melt(DT.missing.cols, measure.vars=measure(value.name, number=
as.integer, pattern="(.)_(.)"))[] 
 []


Overfull \hbox (32.27168pt too wide) in paragraph at lines 3860--3860
 []\T1/zi4/m/n/9 melt(DT.missing.cols, measure.vars=measure(value.name, number=
as.integer, pattern="([dc])_(.)"))[] 
 []

[81] [82]
Overfull \hbox (11.22874pt too wide) in paragraph at lines 3966--3966
 []\T1/zi4/m/n/9 (dt1 <- data.table(A = c(rep(1L, 5), 2L), B = letters[rep(1:3,
 2)], X = 1:6, key = c("A", "B")))[] 
 []


Overfull \hbox (11.22874pt too wide) in paragraph at lines 3967--3967
 []\T1/zi4/m/n/9 (dt2 <- data.table(A = c(rep(1L, 5), 2L), B = letters[rep(2:4,
 2)], Y = 6:1, key = c("A", "B")))[] 
 []

[83] [84]
Overfull \hbox (47.01965pt too wide) in paragraph at lines 4110--4111
[]\T1/ptm/m/n/10 Note that both []\T1/zi4/m/n/10 nafill []\T1/ptm/m/n/10 and []
\T1/zi4/m/n/10 setnafill []\T1/ptm/m/n/10 pro-vide some ver-bose out-put when [
]\T1/zi4/m/n/10 getOption(\TS1/zi4/m/n/10 '\T1/zi4/m/n/10 datatable.verbose\TS1
/zi4/m/n/10 '\T1/zi4/m/n/10 )
 []

[85] [86]
Overfull \hbox (2.03732pt too wide) in paragraph at lines 4235--4236
[]\T1/ptm/m/n/10 Key en-hance-ments in-clude au-to-matic out-put com-pres-sion 
of many ob-ser-va-tions and con-cise column-
 []

[87] [88]
Package textcomp Info: Symbol \textasciigrave not provided by
(textcomp)             font family zi4 in TS1 encoding.
(textcomp)             Default family used instead on input line 4314.
Package textcomp Info: Symbol \textasciigrave not provided by
(textcomp)             font family zi4 in TS1 encoding.
(textcomp)             Default family used instead on input line 4314.
 [89]
Package textcomp Info: Symbol \textasciigrave not provided by
(textcomp)             font family zi4 in TS1 encoding.
(textcomp)             Default family used instead on input line 4319.
Package textcomp Info: Symbol \textasciigrave not provided by
(textcomp)             font family zi4 in TS1 encoding.
(textcomp)             Default family used instead on input line 4319.
Package textcomp Info: Symbol \textasciigrave not provided by
(textcomp)             font family zi4 in TS1 encoding.
(textcomp)             Default family used instead on input line 4325.
Package textcomp Info: Symbol \textasciigrave not provided by
(textcomp)             font family zi4 in TS1 encoding.
(textcomp)             Default family used instead on input line 4325.
Package textcomp Info: Symbol \textasciigrave not provided by
(textcomp)             font family zi4 in TS1 encoding.
(textcomp)             Default family used instead on input line 4329.
Package textcomp Info: Symbol \textasciigrave not provided by
(textcomp)             font family zi4 in TS1 encoding.
(textcomp)             Default family used instead on input line 4329.
Package textcomp Info: Symbol \textasciigrave not provided by
(textcomp)             font family zi4 in TS1 encoding.
(textcomp)             Default family used instead on input line 4335.
Package textcomp Info: Symbol \textasciigrave not provided by
(textcomp)             font family zi4 in TS1 encoding.
(textcomp)             Default family used instead on input line 4335.
Package textcomp Info: Symbol \textasciigrave not provided by
(textcomp)             font family zi4 in TS1 encoding.
(textcomp)             Default family used instead on input line 4347.
Package textcomp Info: Symbol \textasciigrave not provided by
(textcomp)             font family zi4 in TS1 encoding.
(textcomp)             Default family used instead on input line 4347.
Package textcomp Info: Symbol \textasciigrave not provided by
(textcomp)             font family zi4 in TS1 encoding.
(textcomp)             Default family used instead on input line 4348.
Package textcomp Info: Symbol \textasciigrave not provided by
(textcomp)             font family zi4 in TS1 encoding.
(textcomp)             Default family used instead on input line 4348.

Underfull \vbox (badness 10000) has occurred while \output is active []

 [90]
[91] [92] [93]
Overfull \hbox (11.06816pt too wide) in paragraph at lines 4549--4550
[]\T1/ptm/m/n/10 Character, spec-i-fy-ing the "align-ment" of the rolling win-d
ow, de-fault-ing to []\T1/zi4/m/n/10 "right"[]\T1/ptm/m/n/10 .
 []

[94]
Overfull \hbox (27.54721pt too wide) in paragraph at lines 4567--4571
[]\T1/ptm/m/n/10 Argument []\T1/zi4/m/n/10 n []\T1/ptm/m/n/10 al-lows mul-ti-pl
e val-ues to ap-ply rolling func-tions on mul-ti-ple win-dow sizes. If []\T1/zi
4/m/n/10 adaptive=TRUE[]\T1/ptm/m/n/10 ,
 []

[95]
Overfull \hbox (25.75847pt too wide) in paragraph at lines 4634--4637
[]\T1/zi4/m/n/10 partial []\T1/ptm/m/n/10 win-dow fea-ture is not sup-ported, a
l-though it can be ac-com-plished by us-ing []\T1/zi4/m/n/10 adaptive=TRUE[]\T1
/ptm/m/n/10 ,
 []

[96]
Underfull \vbox (badness 10000) has occurred while \output is active []

 [97]
[98] [99] [100]
Overfull \hbox (11.22874pt too wide) in paragraph at lines 4893--4893
 []\T1/zi4/m/n/9 setnames(DT, old, new, skip_absent = TRUE) # skips old[3] beca
use "c" is not a column name of DT[] 
 []

Package textcomp Info: Symbol \textasciigrave not provided by
(textcomp)             font family zi4 in TS1 encoding.
(textcomp)             Default family used instead on input line 4901.
Package textcomp Info: Symbol \textasciigrave not provided by
(textcomp)             font family zi4 in TS1 encoding.
(textcomp)             Default family used instead on input line 4901.

Overfull \hbox (14.24408pt too wide) in paragraph at lines 4909--4909
 []\T1/zi4/m/n/9 setnames(DT,c("a","E"),c("A","F")) # multiple by name (warning
 if either "a" or "E" is missing)[] 
 []

[101]
Overfull \hbox (1.12917pt too wide) in paragraph at lines 4953--4954
[]\T1/ptm/m/n/10 If one of them (not both) was pro-vided with a col-umn name or
 num-ber, []\T1/zi4/m/n/10 neworder
 []

[102] [103] [104] [105]
Overfull \hbox (33.06992pt too wide) in paragraph at lines 5122--5122
 []  \T1/zi4/m/n/10 setDTthreads(threads = NULL, restore_after_fork = NULL, per
cent = NULL, throttle = NULL) 
 []

[106]
Overfull \hbox (83.5179pt too wide) in paragraph at lines 5144--5145
\T1/ptm/m/n/10 cur-rent num-ber of threads data.table is us-ing. For ex-am-ple,
 the en-vi-ron-ment vari-able []\T1/zi4/m/n/10 R_DATATABLE_NUM_PROCS_PERCENT
 []


Overfull \hbox (2.44835pt too wide) in paragraph at lines 5148--5149
[]\T1/zi4/m/n/10 OMP_THREAD_LIMIT []\T1/ptm/m/n/10 to 2, so de-vel-op-ers of CR
AN pack-ages should never change []\T1/zi4/m/n/10 OMP_THREAD_LIMIT
 []

[107] [108]
Overfull \hbox (9.36925pt too wide) in paragraph at lines 5273--5278
\T1/ptm/m/n/10 ments; e.g., []\T1/zi4/m/n/10 setkey(DT,a)[.("foo")][]\T1/ptm/m/
n/10 . If you re-quire a copy, take a copy first (us-ing []\T1/zi4/m/n/10 DT2=c
opy(DT)[]\T1/ptm/m/n/10 ).
 []

[109]
Overfull \hbox (9.02112pt too wide) in paragraph at lines 5309--5314
[][][]\T1/zi4/m/n/10 data.table[][][][]\T1/ptm/m/n/10 , [][][]\T1/zi4/m/n/10 ta
bles[][][][]\T1/ptm/m/n/10 , [][][]\T1/zi4/m/n/10 J[][][][]\T1/ptm/m/n/10 , [][
][]\T1/zi4/m/n/10 sort.list[][][][]\T1/ptm/m/n/10 , [][][]\T1/zi4/m/n/10 copy[]
[][][]\T1/ptm/m/n/10 , [][][]\T1/zi4/m/n/10 setDT[][][][]\T1/ptm/m/n/10 , [][][
]\T1/zi4/m/n/10 setDF[][][][]\T1/ptm/m/n/10 , [][][]\T1/zi4/m/n/10 set[][][] []
[]:=[][][][]\T1/ptm/m/n/10 , [][][]\T1/zi4/m/n/10 setorder[][][][]\T1/ptm/m/n/1
0 , [][][]\T1/zi4/m/n/10 setcolorder[][][][]\T1/ptm/m/n/10 , [][][]\T1/zi4/m/n/
10 setattr[][][][]\T1/ptm/m/n/10 ,
 []

[110] [111]
Overfull \hbox (5.52832pt too wide) in paragraph at lines 5451--5452
\T1/ptm/m/n/10 Ad-di-tional []\T1/zi4/m/n/10 all []\T1/ptm/m/n/10 ar-gu-ment co
n-trols how du-pli-cated rows are han-dled. Func-tions []\T1/zi4/m/n/10 finters
ect[]\T1/ptm/m/n/10 , []\T1/zi4/m/n/10 setdiff
 []

[112]
Overfull \hbox (6.781pt too wide) in paragraph at lines 5493--5494
[][][]\T1/zi4/m/n/10 data.table[][][][]\T1/ptm/m/n/10 , [][][]\T1/zi4/m/n/10 rb
indlist[][][][]\T1/ptm/m/n/10 , [][][]\T1/zi4/m/n/10 all.equal.data.table[][][]
[]\T1/ptm/m/n/10 , [][][]\T1/zi4/m/n/10 unique[][][][]\T1/ptm/m/n/10 , [][][]\T
1/zi4/m/n/10 duplicated[][][][]\T1/ptm/m/n/10 , [][][]\T1/zi4/m/n/10 uniqueN[][
][][]\T1/ptm/m/n/10 , [][][]\T1/zi4/m/n/10 anyDuplicated[][][] 
 []

[113] [114]
Overfull \hbox (19.21956pt too wide) in paragraph at lines 5562--5566
\T1/zi4/m/n/10 na.last)] []\T1/ptm/m/n/10 and its de-fault is []\T1/zi4/m/n/10 
TRUE[]\T1/ptm/m/n/10 . []\T1/zi4/m/n/10 setorder []\T1/ptm/m/n/10 and []\T1/zi4
/m/n/10 setorderv []\T1/ptm/m/n/10 only ac-cept []\T1/zi4/m/n/10 TRUE[]\T1/ptm/
m/n/10 /[]\T1/zi4/m/n/10 FALSE
 []


Overfull \hbox (21.31844pt too wide) in paragraph at lines 5588--5594
[]\T1/zi4/m/n/10 na.last []\T1/ptm/m/n/10 ar-gu-ment, by de-fault, is []\T1/zi4
/m/n/10 FALSE []\T1/ptm/m/n/10 for []\T1/zi4/m/n/10 setorder []\T1/ptm/m/n/10 a
nd []\T1/zi4/m/n/10 setorderv []\T1/ptm/m/n/10 to be con-sis-tent with []\T1/zi
4/m/n/10 data.table[]\T1/ptm/m/n/10 's
 []

[115]
Overfull \hbox (34.28088pt too wide) in paragraph at lines 5625--5630
[][]$\T1/zi4/m/n/10 https : / / medium . com / basecs / getting-[]to-[]the-[]ro
ot-[]of-[]sorting-[]with-[]radix-[]sort-[]f8e9240d4224$[][] 
 []

[116]
Overfull \hbox (1.8694pt too wide) in paragraph at lines 5675--5676
\T1/ptm/m/n/10 "for-wards"), []\T1/zi4/m/n/10 "shift" []\T1/ptm/m/n/10 (be-have
 same as []\T1/zi4/m/n/10 "lag" []\T1/ptm/m/n/10 ex-cept given names) and []\T1
/zi4/m/n/10 "cyclic"
 []

[117] [118]
Underfull \hbox (badness 10000) in paragraph at lines 5779--5781

 []

[119]
Overfull \hbox (17.0685pt too wide) in paragraph at lines 5816--5817
\T1/ptm/m/n/10 the group, its row lo-ca-tion in []\T1/zi4/m/n/10 x[]\T1/ptm/m/n
/10 . This is use-ful to sub-set in []\T1/zi4/m/n/10 j[]\T1/ptm/m/n/10 ; e.g. [
]\T1/zi4/m/n/10 DT[, .I[which.max(somecol)],
 []


Overfull \hbox (23.26248pt too wide) in paragraph at lines 5838--5838
 []\T1/zi4/m/n/9 DT = data.table(x=rep(c("b","a","c"),each=3), v=c(1,1,1,2,2,1,
1,2,2), y=c(1,3,6), a=1:9, b=9:1) 
 []

[120]
Overfull \hbox (1.83873pt too wide) in paragraph at lines 5895--5896
[]\T1/ptm/m/n/10 character vec-tor. Col-umn names on which split should be made
. For []\T1/zi4/m/n/10 length(by)
 []

[121]
Package textcomp Info: Symbol \textasciigrave not provided by
(textcomp)             font family zi4 in TS1 encoding.
(textcomp)             Default family used instead on input line 5926.
Package textcomp Info: Symbol \textasciigrave not provided by
(textcomp)             font family zi4 in TS1 encoding.
(textcomp)             Default family used instead on input line 5926.
Package textcomp Info: Symbol \textasciigrave not provided by
(textcomp)             font family zi4 in TS1 encoding.
(textcomp)             Default family used instead on input line 5932.
Package textcomp Info: Symbol \textasciigrave not provided by
(textcomp)             font family zi4 in TS1 encoding.
(textcomp)             Default family used instead on input line 5932.
 [122] [123]
Overfull \hbox (19.7582pt too wide) in paragraph at lines 6069--6070
\T1/ptm/m/n/10 tracker. For the present mo-ment there is an op-tion to dis-able
 that: []\T1/zi4/m/n/10 options(datatable.enlist=FALSE)[]\T1/ptm/m/n/10 .
 []

[124] [125]
Overfull \hbox (5.3492pt too wide) in paragraph at lines 6147--6148
[]\T1/ptm/m/n/10 Usually []\T1/zi4/m/n/10 tables() []\T1/ptm/m/n/10 is ex-e-cut
ed at the prompt, where []\T1/zi4/m/n/10 parent.frame() []\T1/ptm/m/n/10 re-tur
ns []\T1/zi4/m/n/10 .GlobalEnv[]\T1/ptm/m/n/10 . []\T1/zi4/m/n/10 tables()
 []

[126]
Overfull \hbox (0.35852pt too wide) in paragraph at lines 6195--6196
[]\T1/ptm/m/n/10 If you are test-ing the print-ing/console out-put be-haviour; 
e.g. with []\T1/zi4/m/n/10 verbose=TRUE
 []


Overfull \hbox (4.27966pt too wide) in paragraph at lines 6195--6196
[]\T1/ptm/m/n/10 or []\T1/zi4/m/n/10 options(datatable.verbose=TRUE)[]\T1/ptm/m
/n/10 . Again, regex-compatible and case sen-
 []

[127] [128] [129]
Overfull \hbox (10.83717pt too wide) in paragraph at lines 6276--6277
[]\T1/ptm/m/n/10 If all tests were suc-cess-ful, []\T1/zi4/m/n/10 TRUE []\T1/pt
m/m/n/10 is re-turned. Oth-er-wise, see the []\T1/zi4/m/n/10 silent []\T1/ptm/m
/n/10 ar-gu-ment above. []\T1/zi4/m/n/10 silent=TRUE
 []


Overfull \hbox (19.6285pt too wide) in paragraph at lines 6276--6277
[]\T1/ptm/m/n/10 is in-tended for use at the start of pro-duc-tion scripts; e.g
. []\T1/zi4/m/n/10 stopifnot(test.data.table(silent=TRUE))
 []

[130]
Package textcomp Info: Symbol \textasciigrave not provided by
(textcomp)             font family zi4 in TS1 encoding.
(textcomp)             Default family used instead on input line 6339.
Package textcomp Info: Symbol \textasciigrave not provided by
(textcomp)             font family zi4 in TS1 encoding.
(textcomp)             Default family used instead on input line 6339.
 [131]
Package textcomp Info: Symbol \textasciigrave not provided by
(textcomp)             font family zi4 in TS1 encoding.
(textcomp)             Default family used instead on input line 6387.
Package textcomp Info: Symbol \textasciigrave not provided by
(textcomp)             font family zi4 in TS1 encoding.
(textcomp)             Default family used instead on input line 6387.

Overfull \hbox (26.22261pt too wide) in paragraph at lines 6393--6393
 []\T1/zi4/m/n/9 DT = DT[, transform(.SD, d=max(b)), by="c"]   # same, but even
 worse as .SD is copied for each group[] 
 []

Package textcomp Info: Symbol \textasciigrave not provided by
(textcomp)             font family zi4 in TS1 encoding.
(textcomp)             Default family used instead on input line 6397.
Package textcomp Info: Symbol \textasciigrave not provided by
(textcomp)             font family zi4 in TS1 encoding.
(textcomp)             Default family used instead on input line 6397.
[132]
Package textcomp Info: Symbol \textasciigrave not provided by
(textcomp)             font family zi4 in TS1 encoding.
(textcomp)             Default family used instead on input line 6464.
Package textcomp Info: Symbol \textasciigrave not provided by
(textcomp)             font family zi4 in TS1 encoding.
(textcomp)             Default family used instead on input line 6464.
 [133]
Overfull \hbox (17.35712pt too wide) in paragraph at lines 6511--6512
\T1/ptm/m/n/10 in use. Cur-rently, it is just the list vec-tor of col-umn point
-ers that is over-allocated (i.e. []\T1/zi4/m/n/10 truelength(DT)[]\T1/ptm/m/n/
10 ),
 []

[134] [135] [136]
Overfull \hbox (12.75021pt too wide) in paragraph at lines 6607--6607
 []\T1/zi4/m/n/9 # convert the remaining using \TS1/zi4/m/n/9 '\T1/zi4/m/n/9 ty
pe.convert(x, as.is=TRUE)\TS1/zi4/m/n/9 ' \T1/zi4/m/n/9 (i.e. what type.convert
=TRUE does)[] 
 []


Overfull \hbox (26.25941pt too wide) in paragraph at lines 6608--6608
 []\T1/zi4/m/n/9 DT[, tstrsplit(v, " ", type.convert=list(as.IDate=4L, function
(x) type.convert(x, as.is=TRUE)))][] 
 []


Overfull \hbox (48.92793pt too wide) in paragraph at lines 6650--6653
[]\T1/ptm/m/n/10 By de-fault the func-tion uses our GitLab-hosted R repos-i-tor
y at []\T1/zi4/m/n/10 https://Rdatatable.gitlab.io/data.table[]\T1/ptm/m/n/10 .

 []


Overfull \hbox (144.81755pt too wide) in paragraph at lines 6650--6653
\T1/ptm/m/n/10 We also pub-lish bleed-ing edge ver-sion of the pack-age on GitH
ub-hosted R repos-i-tory at []\T1/zi4/m/n/10 https://Rdatatable.gitlab.io/data.
table
 []


Overfull \hbox (66.05753pt too wide) in paragraph at lines 6650--6653
\T1/ptm/m/n/10 There are also other repos-i-to-ries main-tained by R com-mu-nit
y, for ex-am-ple []\T1/zi4/m/n/10 https://rdatatable.r-universe.dev[]\T1/ptm/m/
n/10 .
 []

[137] (/tmp/RtmpaKSm5I/Rd2pdf29b613441c0f4/Rd2.ind [138]

LaTeX Font Warning: Font shape `T1/zi4/m/it' undefined
(Font)              using `T1/zi4/m/n' instead on input line 71.

LaTeX Font Info:    Font shape `T1/zi4/m/it' will be
(Font)              scaled to size 10.0pt on input line 73.
[139

] [140] [141] [142] [143]) (/tmp/RtmpaKSm5I/Rd2pdf29b613441c0f4/Rd2.aux)
 ***********
LaTeX2e <2023-11-01> patch level 1
L3 programming layer <2024-01-22>
 ***********


LaTeX Font Warning: Some font shapes were not available, defaults substituted.

Package rerunfilecheck Info: File `Rd2.out' has not changed.
(rerunfilecheck)             Checksum: CE46827182D90DAC962D8F5009B2C9A6;6723.
 ) 
Here is how much of TeX's memory you used:
 11749 strings out of 474222
 174572 string characters out of 5748732
 1945975 words of memory out of 5000000
 32780 multiletter control sequences out of 15000+600000
 599849 words of font info for 90 fonts, out of 8000000 for 9000
 1141 hyphenation exceptions out of 8191
 92i,6n,95p,1753b,737s stack positions out of 10000i,1000n,20000p,200000b,200000s

pdfTeX warning (dest): name{Rfn.install.packages} has been referenced but does 
not exist, replaced by a fixed one


pdfTeX warning (dest): name{Rfn.type.convert} has been referenced but does not 
exist, replaced by a fixed one


pdfTeX warning (dest): name{Rfn.try} has been referenced but does not exist, re
placed by a fixed one


pdfTeX warning (dest): name{Rfn.Sys.unsetenv} has been referenced but does not 
exist, replaced by a fixed one


pdfTeX warning (dest): name{Rfn.object.size} has been referenced but does not e
xist, replaced by a fixed one


pdfTeX warning (dest): name{Rfn.objects} has been referenced but does not exist
, replaced by a fixed one


pdfTeX warning (dest): name{Rfn.ls} has been referenced but does not exist, rep
laced by a fixed one


pdfTeX warning (dest): name{Rfn.eval} has been referenced but does not exist, r
eplaced by a fixed one


pdfTeX warning (dest): name{Rfn.name} has been referenced but does not exist, r
eplaced by a fixed one


pdfTeX warning (dest): name{Rfn.call} has been referenced but does not exist, r
eplaced by a fixed one


pdfTeX warning (dest): name{Rfn.split.data.frame} has been referenced but does 
not exist, replaced by a fixed one


pdfTeX warning (dest): name{Rfn.sort.list} has been referenced but does not exi
st, replaced by a fixed one


pdfTeX warning (dest): name{Rfn.sort} has been referenced but does not exist, r
eplaced by a fixed one


pdfTeX warning (dest): name{Rfn.mean} has been referenced but does not exist, r
eplaced by a fixed one


pdfTeX warning (dest): name{Rfn.rle} has been referenced but does not exist, re
placed by a fixed one


pdfTeX warning (dest): name{Rfn.print.default} has been referenced but does not
 exist, replaced by a fixed one


pdfTeX warning (dest): name{Rfn.getS3method} has been referenced but does not e
xist, replaced by a fixed one


pdfTeX warning (dest): name{Rfn.grep} has been referenced but does not exist, r
eplaced by a fixed one


pdfTeX warning (dest): name{Rfn.base} has been referenced but does not exist, r
eplaced by a fixed one


pdfTeX warning (dest): name{Rfn.merge.data.frame} has been referenced but does 
not exist, replaced by a fixed one


pdfTeX warning (dest): name{Rfn.base::grepl} has been referenced but does not e
xist, replaced by a fixed one


pdfTeX warning (dest): name{Rfn.tail} has been referenced but does not exist, r
eplaced by a fixed one


pdfTeX warning (dest): name{Rfn.head} has been referenced but does not exist, r
eplaced by a fixed one


pdfTeX warning (dest): name{Rfn.NROW} has been referenced but does not exist, r
eplaced by a fixed one


pdfTeX warning (dest): name{Rfn.DateTimeClasses} has been referenced but does n
ot exist, replaced by a fixed one


pdfTeX warning (dest): name{Rfn.strptime} has been referenced but does not exis
t, replaced by a fixed one


pdfTeX warning (dest): name{Rfn.as.POSIXct} has been referenced but does not ex
ist, replaced by a fixed one


pdfTeX warning (dest): name{Rfn.as.Date} has been referenced but does not exist
, replaced by a fixed one


pdfTeX warning (dest): name{Rfn.round} has been referenced but does not exist, 
replaced by a fixed one


pdfTeX warning (dest): name{Rfn.write.table} has been referenced but does not e
xist, replaced by a fixed one


pdfTeX warning (dest): name{Rfn.write.csv} has been referenced but does not exi
st, replaced by a fixed one


pdfTeX warning (dest): name{Rfn.options} has been referenced but does not exist
, replaced by a fixed one


pdfTeX warning (dest): name{Rfn.as.yaml} has been referenced but does not exist
, replaced by a fixed one


pdfTeX warning (dest): name{Rfn.Sys.setlocale} has been referenced but does not
 exist, replaced by a fixed one


pdfTeX warning (dest): name{Rfn.url} has been referenced but does not exist, re
placed by a fixed one


pdfTeX warning (dest): name{Rfn.read.csv} has been referenced but does not exis
t, replaced by a fixed one


pdfTeX warning (dest): name{Rfn.system} has been referenced but does not exist,
 replaced by a fixed one


pdfTeX warning (dest): name{Rfn.tempdir} has been referenced but does not exist
, replaced by a fixed one


pdfTeX warning (dest): name{Rfn.download.file} has been referenced but does not
 exist, replaced by a fixed one


pdfTeX warning (dest): name{Rfn.utils::write.csv} has been referenced but does 
not exist, replaced by a fixed one


pdfTeX warning (dest): name{Rfn.base::tempdir} has been referenced but does not
 exist, replaced by a fixed one


pdfTeX warning (dest): name{Rfn.yaml.load} has been referenced but does not exi
st, replaced by a fixed one


pdfTeX warning (dest): name{Rfn.make.names} has been referenced but does not ex
ist, replaced by a fixed one


pdfTeX warning (dest): name{Rfn.utils::read.csv} has been referenced but does n
ot exist, replaced by a fixed one


pdfTeX warning (dest): name{Rfn.path.expand} has been referenced but does not e
xist, replaced by a fixed one


pdfTeX warning (dest): name{Rfn.POSIXct} has been referenced but does not exist
, replaced by a fixed one


pdfTeX warning (dest): name{Rfn.read.delim\(\)} has been referenced but does no
t exist, replaced by a fixed one


pdfTeX warning (dest): name{Rfn.read.csv\(\)} has been referenced but does not 
exist, replaced by a fixed one


pdfTeX warning (dest): name{Rfn.storage.mode} has been referenced but does not 
exist, replaced by a fixed one


pdfTeX warning (dest): name{Rfn.unique.data.frame} has been referenced but does
 not exist, replaced by a fixed one


pdfTeX warning (dest): name{Rfn..Rpcent.in.Rpcent.} has been referenced but doe
s not exist, replaced by a fixed one


pdfTeX warning (dest): name{Rfn.match} has been referenced but does not exist, 
replaced by a fixed one


pdfTeX warning (dest): name{Rfn.charmatch} has been referenced but does not exi
st, replaced by a fixed one


pdfTeX warning (dest): name{Rfn.array} has been referenced but does not exist, 
replaced by a fixed one


pdfTeX warning (dest): name{Rfn.data.matrix} has been referenced but does not e
xist, replaced by a fixed one


pdfTeX warning (dest): name{Rfn.format} has been referenced but does not exist,
 replaced by a fixed one


pdfTeX warning (dest): name{Rfn.as.vector} has been referenced but does not exi
st, replaced by a fixed one


pdfTeX warning (dest): name{Rfn.integer64} has been referenced but does not exi
st, replaced by a fixed one


pdfTeX warning (dest): name{Rfn.is.numeric} has been referenced but does not ex
ist, replaced by a fixed one


pdfTeX warning (dest): name{Rfn.bquote} has been referenced but does not exist,
 replaced by a fixed one


pdfTeX warning (dest): name{Rfn.[.data.frame} has been referenced but does not 
exist, replaced by a fixed one


pdfTeX warning (dest): name{Rfn.data.frame} has been referenced but does not ex
ist, replaced by a fixed one

</usr/share/texlive/texmf-dist/fonts/type1/public/inconsolata/Inconsolata-zi4r.
pfb></usr/share/texlive/texmf-dist/fonts/type1/public/amsfonts/cm/cmsy10.pfb></
usr/share/texmf/fonts/type1/public/cm-super/sfrm1000.pfb></usr/share/texmf/font
s/type1/public/cm-super/sftt0900.pfb></usr/share/texmf/fonts/type1/public/cm-su
per/sftt1000.pfb></usr/share/texlive/texmf-dist/fonts/type1/urw/helvetic/uhvr8a
.pfb></usr/share/texlive/texmf-dist/fonts/type1/urw/times/utmb8a.pfb></usr/shar
e/texlive/texmf-dist/fonts/type1/urw/times/utmr8a.pfb></usr/share/texlive/texmf
-dist/fonts/type1/urw/times/utmr8a.pfb></usr/share/texlive/texmf-dist/fonts/typ
e1/urw/times/utmri8a.pfb>
Output written on Rd2.pdf (143 pages, 506761 bytes).
PDF statistics:
 3155 PDF objects out of 3580 (max. 8388607)
 2959 compressed objects within 30 object streams
 1019 named destinations out of 1200 (max. 500000)
 561 words of extra memory for PDF output out of 10000 (max. 10000000)

